<?xml version="1.0" encoding="UTF-8"?>
<testng-results skipped="0" failed="0" ignored="0" total="0" passed="0">
  <reporter-output>
  </reporter-output>
  <suite name="Surefire suite" duration-ms="7111" started-at="2021-06-15T18:49:30 EEST" finished-at="2021-06-15T18:49:37 EEST">
    <groups>
    </groups>
    <test name="Surefire test" duration-ms="7111" started-at="2021-06-15T18:49:30 EEST" finished-at="2021-06-15T18:49:37 EEST">
    </test> <!-- Surefire test -->
  </suite> <!-- Surefire suite -->
</testng-results>
